Arguments: 
  /usr/local/Cellar/node/9.4.0/bin/node /usr/local/bin/yarn index.html

PATH: 
  /Library/Frameworks/Python.framework/Versions/3.6/bin:/usr/local/bin:/usr/bin:/bin:/usr/sbin:/sbin:/usr/local/share/dotnet:~/.dotnet/tools

Yarn version: 
  1.5.1

Node version: 
  9.4.0

Platform: 
  darwin x64

npm manifest: 
  {
      "title": "New Age",
      "name": "startbootstrap-new-age",
      "version": "4.1.1",
      "description": "A one page app landing page HTML theme for Bootstrap.",
      "keywords": [
          "css",
          "sass",
          "html",
          "responsive",
          "theme",
          "template"
      ],
      "homepage": "https://startbootstrap.com/template-overviews/new-age",
      "bugs": {
          "url": "https://github.com/BlackrockDigital/startbootstrap-new-age/issues",
          "email": "feedback@startbootstrap.com"
      },
      "license": "MIT",
      "author": "Start Bootstrap",
      "contributors": [
          "David Miller (http://davidmiller.io/)"
      ],
      "repository": {
          "type": "git",
          "url": "https://github.com/BlackrockDigital/startbootstrap-new-age.git"
      },
      "dependencies": {
          "bootstrap": "4.1.1",
          "font-awesome": "4.7.0",
          "jquery": "3.3.1",
          "jquery.easing": "^1.4.1",
          "simple-line-icons": "2.4.1"
      },
      "devDependencies": {
          "browser-sync": "2.24.3",
          "gulp": "^3.9.1",
          "gulp-clean-css": "3.9.4",
          "gulp-header": "2.0.5",
          "gulp-rename": "^1.2.2",
          "gulp-sass": "4.0.1",
          "gulp-uglify": "3.0.0"
      }
  }

yarn manifest: 
  No manifest

Lockfile: 
  No lockfile

Trace: 
  Error: Command "index.html" not found.
      at new MessageError (/usr/local/lib/node_modules/yarn/lib/cli.js:186:110)
      at /usr/local/lib/node_modules/yarn/lib/cli.js:87307:17
      at Generator.next (<anonymous>)
      at step (/usr/local/lib/node_modules/yarn/lib/cli.js:98:30)
      at /usr/local/lib/node_modules/yarn/lib/cli.js:116:14
      at new Promise (<anonymous>)
      at new F (/usr/local/lib/node_modules/yarn/lib/cli.js:23451:28)
      at /usr/local/lib/node_modules/yarn/lib/cli.js:95:12
      at runCommand (/usr/local/lib/node_modules/yarn/lib/cli.js:87312:22)
      at Object.<anonymous> (/usr/local/lib/node_modules/yarn/lib/cli.js:87412:14)
